  pch.cpp
  dllmain.cpp
  Foo.cpp
  Integrator.cpp
  ParticlePool.cpp
  Particle.cpp
  ParticleSystem.cpp
  Plugin.cpp
  Quaternion.cpp
D:\1SCHOOL\Year 4\Game Physics\Plugin\PhysicsPlugin\PhysicsPlugin\Quaternion.cpp(22,15): warning C4244:  '=': conversion from 'double' to 'float', possible loss of data
D:\1SCHOOL\Year 4\Game Physics\Plugin\PhysicsPlugin\PhysicsPlugin\Quaternion.cpp(33,15): warning C4244:  '=': conversion from 'double' to 'float', possible loss of data
D:\1SCHOOL\Year 4\Game Physics\Plugin\PhysicsPlugin\PhysicsPlugin\Quaternion.cpp(38,17): warning C4101:  'z': unreferenced local variable
D:\1SCHOOL\Year 4\Game Physics\Plugin\PhysicsPlugin\PhysicsPlugin\Quaternion.cpp(38,14): warning C4101:  'y': unreferenced local variable
D:\1SCHOOL\Year 4\Game Physics\Plugin\PhysicsPlugin\PhysicsPlugin\Quaternion.cpp(38,11): warning C4101:  'x': unreferenced local variable
  Vector3.cpp
D:\1SCHOOL\Year 4\Game Physics\Plugin\PhysicsPlugin\PhysicsPlugin\Quaternion.cpp(38,8): warning C4101:  'w': unreferenced local variable
  Generating Code...
D:\1SCHOOL\Year 4\Game Physics\Plugin\PhysicsPlugin\PhysicsPlugin\Vector3.cpp(34,15): warning C4244:  '=': conversion from 'double' to 'float', possible loss of data
     Creating library D:\1SCHOOL\Year 4\Game Physics\Plugin\PhysicsPlugin\PhysicsPlugin\x64\Debug\PhysicsPlugin.lib and object D:\1SCHOOL\Year 4\Game Physics\Plugin\PhysicsPlugin\PhysicsPlugin\x64\Debug\PhysicsPlugin.exp
  PhysicsPlugin.vcxproj -> D:\1SCHOOL\Year 4\Game Physics\Plugin\PhysicsPlugin\PhysicsPlugin\x64\Debug\PhysicsPlugin.dll
