Log file open, 09/12/19 10:13:04
LogWindows: Failed to load 'aqProf.dll' (GetLastError=126)
LogWindows: File 'aqProf.dll' does not exist
LogWindows: Failed to load 'VtuneApi.dll' (GetLastError=126)
LogWindows: File 'VtuneApi.dll' does not exist
LogWindows: Failed to load 'VtuneApi32e.dll' (GetLastError=126)
LogWindows: File 'VtuneApi32e.dll' does not exist
LogConsoleResponse: Display: Failed to find resolution value strings in scalability ini. Falling back to default.
LogInit: Display: Running engine for game: Physics_Assignments
LogPlatformFile: Not using cached read wrapper
LogTaskGraph: Started task graph with 5 named threads and 23 total threads with 3 sets of task threads.
LogStats: Stats thread started at 0.070621
LogD3D11RHI: Loaded GFSDK_Aftermath_Lib.x64.dll
LogICUInternationalization: ICU TimeZone Detection - Raw Offset: -5:00, Platform Override: ''
LogPluginManager: Mounting plugin Paper2D
LogPluginManager: Mounting plugin AISupport
LogPluginManager: Mounting plugin LightPropagationVolume
LogPluginManager: Mounting plugin ActorLayerUtilities
LogPluginManager: Mounting plugin AnimationSharing
LogPluginManager: Mounting plugin CLionSourceCodeAccess
LogPluginManager: Mounting plugin CodeLiteSourceCodeAccess
LogPluginManager: Mounting plugin GitSourceControl
LogPluginManager: Mounting plugin KDevelopSourceCodeAccess
LogPluginManager: Mounting plugin NullSourceCodeAccess
LogPluginManager: Mounting plugin PerforceSourceControl
LogPluginManager: Mounting plugin SubversionSourceControl
LogPluginManager: Mounting plugin UObjectPlugin
LogPluginManager: Mounting plugin VisualStudioCodeSourceCodeAccess
LogPluginManager: Mounting plugin VisualStudioSourceCodeAccess
LogPluginManager: Mounting plugin XCodeSourceCodeAccess
LogPluginManager: Mounting plugin AssetManagerEditor
LogPluginManager: Mounting plugin CryptoKeys
LogPluginManager: Mounting plugin CurveEditorTools
LogPluginManager: Mounting plugin DataValidation
LogPluginManager: Mounting plugin FacialAnimation
LogPluginManager: Mounting plugin GameplayTagsEditor
LogPluginManager: Mounting plugin MacGraphicsSwitching
LogPluginManager: Mounting plugin MaterialAnalyzer
LogPluginManager: Mounting plugin MobileLauncherProfileWizard
LogPluginManager: Mounting plugin PluginBrowser
LogPluginManager: Mounting plugin SpeedTreeImporter
LogPluginManager: Mounting plugin DatasmithContent
LogPluginManager: Mounting plugin VariantManagerContent
LogPluginManager: Mounting plugin AlembicImporter
LogPluginManager: Mounting plugin AutomationUtils
LogPluginManager: Mounting plugin BackChannel
LogPluginManager: Mounting plugin CharacterAI
LogPluginManager: Mounting plugin GeometryCache
LogPluginManager: Mounting plugin HTML5Networking
LogPluginManager: Mounting plugin PlatformCrypto
LogPluginManager: Mounting plugin ProxyLODPlugin
LogPluginManager: Mounting plugin SkeletalReduction
LogPluginManager: Mounting plugin MagicLeap
LogPluginManager: Mounting plugin MagicLeapMedia
LogPluginManager: Mounting plugin AndroidMedia
LogPluginManager: Mounting plugin AvfMedia
LogPluginManager: Mounting plugin ImgMedia
LogPluginManager: Mounting plugin MediaCompositing
LogPluginManager: Mounting plugin MediaPlayerEditor
LogPluginManager: Mounting plugin WebMMedia
LogPluginManager: Mounting plugin WmfMedia
LogPluginManager: Mounting plugin TcpMessaging
LogPluginManager: Mounting plugin UdpMessaging
LogPluginManager: Mounting plugin ActorSequence
LogPluginManager: Mounting plugin LevelSequenceEditor
LogPluginManager: Mounting plugin MatineeToLevelSequence
LogPluginManager: Mounting plugin NetcodeUnitTest
LogPluginManager: Mounting plugin NUTUnrealEngine4
LogPluginManager: Mounting plugin OnlineSubsystemGooglePlay
LogPluginManager: Mounting plugin OnlineSubsystemIOS
LogPluginManager: Mounting plugin OnlineSubsystem
LogPluginManager: Mounting plugin OnlineSubsystemNull
LogPluginManager: Mounting plugin OnlineSubsystemUtils
LogPluginManager: Mounting plugin LauncherChunkInstaller
LogPluginManager: Mounting plugin AndroidDeviceProfileSelector
LogPluginManager: Mounting plugin AndroidMoviePlayer
LogPluginManager: Mounting plugin AndroidPermission
LogPluginManager: Mounting plugin AppleImageUtils
LogPluginManager: Mounting plugin AppleMoviePlayer
LogPluginManager: Mounting plugin ArchVisCharacter
LogPluginManager: Mounting plugin AudioCapture
LogPluginManager: Mounting plugin CableComponent
LogPluginManager: Mounting plugin CustomMeshComponent
LogPluginManager: Mounting plugin EditableMesh
LogPluginManager: Mounting plugin ExampleDeviceProfileSelector
LogPluginManager: Mounting plugin GoogleCloudMessaging
LogPluginManager: Mounting plugin IOSDeviceProfileSelector
LogPluginManager: Mounting plugin LinuxDeviceProfileSelector
LogPluginManager: Mounting plugin LocationServicesBPLibrary
LogPluginManager: Mounting plugin MobilePatchingUtils
LogPluginManager: Mounting plugin OculusVR
LogPluginManager: Mounting plugin PhysXVehicles
LogPluginManager: Mounting plugin ProceduralMeshComponent
LogPluginManager: Mounting plugin RuntimePhysXCooking
LogPluginManager: Mounting plugin SignificanceManager
LogPluginManager: Mounting plugin SteamVR
LogPluginManager: Mounting plugin WebMMoviePlayer
LogPluginManager: Mounting plugin WindowsMoviePlayer
LogPluginManager: Mounting plugin ScreenshotTools
LogInit: Using libcurl 7.55.1-DEV
LogInit:  - built for x86_64-pc-win32
LogInit:  - supports SSL with OpenSSL/1.1.1
LogInit:  - supports HTTP deflate (compression) using libz 1.2.8
LogInit:  - other features:
LogInit:      CURL_VERSION_SSL
LogInit:      CURL_VERSION_LIBZ
LogInit:      CURL_VERSION_IPV6
LogInit:      CURL_VERSION_ASYNCHDNS
LogInit:      CURL_VERSION_LARGEFILE
LogInit:      CURL_VERSION_IDN
LogInit:  CurlRequestOptions (configurable via config and command line):
LogInit:  - bVerifyPeer = true  - Libcurl will verify peer certificate
LogInit:  - bUseHttpProxy = false  - Libcurl will NOT use HTTP proxy
LogInit:  - bDontReuseConnections = false  - Libcurl will reuse connections
LogInit:  - MaxHostConnections = 16  - Libcurl will limit the number of connections to a host
LogInit:  - LocalHostAddr = Default
LogInit:  - BufferSize = 65536
LogOnline: OSS: Creating online subsystem instance for: NULL
LogInit: WinSock: version 1.1 (2.2), MaxSocks=32767, MaxUdp=65467
LogInit: Build: ++UE4+Release-4.23-CL-8386587
LogInit: Engine Version: 4.23.0-8386587+++UE4+Release-4.23
LogInit: Compatible Engine Version: 4.23.0-8386587+++UE4+Release-4.23
LogInit: Net CL: 8386587
LogInit: OS: Windows 10 (Release 1809) (), CPU: Intel(R) Core(TM) i7-6700 CPU @ 3.40GHz, GPU: NVIDIA GeForce GTX 1080 Ti
LogInit: Compiled (64-bit): Aug 31 2019 02:04:44
LogInit: Compiled with Visual C++: 19.16.27030.01
LogInit: Build Configuration: Development
LogInit: Branch Name: ++UE4+Release-4.23
LogInit: Command Line: 
LogInit: Base Directory: C:/Program Files/Epic Games/UE_4.23/Engine/Binaries/Win64/
LogInit: Installed Engine Build: 1
LogDevObjectVersion: Number of dev versions registered: 23
LogDevObjectVersion:   Dev-Blueprints (B0D832E4-1F89-4F0D-ACCF-7EB736FD4AA2): 10
LogDevObjectVersion:   Dev-Build (E1C64328-A22C-4D53-A36C-8E866417BD8C): 0
LogDevObjectVersion:   Dev-Core (375EC13C-06E4-48FB-B500-84F0262A717E): 3
LogDevObjectVersion:   Dev-Editor (E4B068ED-F494-42E9-A231-DA0B2E46BB41): 34
LogDevObjectVersion:   Dev-Framework (CFFC743F-43B0-4480-9391-14DF171D2073): 35
LogDevObjectVersion:   Dev-Mobile (B02B49B5-BB20-44E9-A304-32B752E40360): 2
LogDevObjectVersion:   Dev-Networking (A4E4105C-59A1-49B5-A7C5-40C4547EDFEE): 0
LogDevObjectVersion:   Dev-Online (39C831C9-5AE6-47DC-9A44-9C173E1C8E7C): 0
LogDevObjectVersion:   Dev-Physics (78F01B33-EBEA-4F98-B9B4-84EACCB95AA2): 0
LogDevObjectVersion:   Dev-Platform (6631380F-2D4D-43E0-8009-CF276956A95A): 0
LogDevObjectVersion:   Dev-Rendering (12F88B9F-8875-4AFC-A67C-D90C383ABD29): 31
LogDevObjectVersion:   Dev-Sequencer (7B5AE74C-D270-4C10-A958-57980B212A5A): 11
LogDevObjectVersion:   Dev-VR (D7296918-1DD6-4BDD-9DE2-64A83CC13884): 2
LogDevObjectVersion:   Dev-LoadTimes (C2A15278-BFE7-4AFE-6C17-90FF531DF755): 1
LogDevObjectVersion:   Private-Geometry (6EACA3D4-40EC-4CC1-B786-8BED09428FC5): 3
LogDevObjectVersion:   Dev-AnimPhys (29E575DD-E0A3-4627-9D10-D276232CDCEA): 17
LogDevObjectVersion:   Dev-Anim (AF43A65D-7FD3-4947-9873-3E8ED9C1BB05): 2
LogDevObjectVersion:   Dev-ReflectionCapture (6B266CEC-1EC7-4B8F-A30B-E4D90942FC07): 1
LogDevObjectVersion:   Dev-Automation (0DF73D61-A23F-47EA-B727-89E90C41499A): 1
LogDevObjectVersion:   FortniteMain (601D1886-AC64-4F84-AA16-D3DE0DEAC7D6): 27
LogDevObjectVersion:   Dev-Enterprise (9DFFBCD6-494F-0158-E221-12823C92A888): 6
LogDevObjectVersion:   Dev-Niagara (F2AED0AC-9AFE-416F-8664-AA7FFA26D6FC): 1
LogDevObjectVersion:   Dev-Destruction (174F1F0B-B4C6-45A5-B13F-2EE8D0FB917D): 9
LogInit: Presizing for max 16777216 objects, including 0 objects not considered by GC, pre-allocating 0 bytes for permanent pool.
LogInit: Object subsystem initialized
LogConfig: Setting CVar [[con.DebugEarlyDefault:1]]
LogConfig: Setting CVar [[r.setres:1280x720]]
[2019.09.12-14.13.04:879][  0]LogConfig: Setting CVar [[r.VSync:0]]
[2019.09.12-14.13.04:879][  0]LogConfig: Setting CVar [[r.RHICmdBypass:0]]
[2019.09.12-14.13.04:879][  0]LogConfig: Applying CVar settings from Section [/Script/Engine.RendererSettings] File [C:/Users/alexander.west/Desktop/School/Game Physics/Physics_Assignments/Saved/Config/Windows/Engine.ini]
[2019.09.12-14.13.04:879][  0]LogConfig: Setting CVar [[r.GPUCrashDebugging:0]]
[2019.09.12-14.13.04:879][  0]LogConfig: Setting CVar [[r.DefaultFeature.AutoExposure.ExtendDefaultLuminanceRange:1]]
[2019.09.12-14.13.04:879][  0]LogConfig: Applying CVar settings from Section [/Script/Engine.RendererOverrideSettings] File [C:/Users/alexander.west/Desktop/School/Game Physics/Physics_Assignments/Saved/Config/Windows/Engine.ini]
[2019.09.12-14.13.04:879][  0]LogConfig: Applying CVar settings from Section [/Script/Engine.StreamingSettings] File [C:/Users/alexander.west/Desktop/School/Game Physics/Physics_Assignments/Saved/Config/Windows/Engine.ini]
[2019.09.12-14.13.04:879][  0]LogConfig: Setting CVar [[s.MinBulkDataSizeForAsyncLoading:131072]]
[2019.09.12-14.13.04:879][  0]LogConfig: Setting CVar [[s.AsyncLoadingThreadEnabled:0]]
[2019.09.12-14.13.04:879][  0]LogConfig: Setting CVar [[s.EventDrivenLoaderEnabled:1]]
[2019.09.12-14.13.04:879][  0]LogConfig: Setting CVar [[s.WarnIfTimeLimitExceeded:0]]
[2019.09.12-14.13.04:879][  0]LogConfig: Setting CVar [[s.TimeLimitExceededMultiplier:1.5]]
[2019.09.12-14.13.04:879][  0]LogConfig: Setting CVar [[s.TimeLimitExceededMinTime:0.005]]
[2019.09.12-14.13.04:879][  0]LogConfig: Setting CVar [[s.UseBackgroundLevelStreaming:1]]
[2019.09.12-14.13.04:879][  0]LogConfig: Setting CVar [[s.PriorityAsyncLoadingExtraTime:15.0]]
[2019.09.12-14.13.04:879][  0]LogConfig: Setting CVar [[s.LevelStreamingActorsUpdateTimeLimit:5.0]]
[2019.09.12-14.13.04:879][  0]LogConfig: Setting CVar [[s.PriorityLevelStreamingActorsUpdateExtraTime:5.0]]
[2019.09.12-14.13.04:879][  0]LogConfig: Setting CVar [[s.LevelStreamingComponentsRegistrationGranularity:10]]
[2019.09.12-14.13.04:879][  0]LogConfig: Setting CVar [[s.UnregisterComponentsTimeLimit:1.0]]
[2019.09.12-14.13.04:879][  0]LogConfig: Setting CVar [[s.LevelStreamingComponentsUnregistrationGranularity:5]]
[2019.09.12-14.13.04:879][  0]LogConfig: Applying CVar settings from Section [/Script/Engine.GarbageCollectionSettings] File [C:/Users/alexander.west/Desktop/School/Game Physics/Physics_Assignments/Saved/Config/Windows/Engine.ini]
[2019.09.12-14.13.04:879][  0]LogConfig: Setting CVar [[gc.MaxObjectsNotConsideredByGC:1]]
[2019.09.12-14.13.04:879][  0]LogConfig: Setting CVar [[gc.SizeOfPermanentObjectPool:0]]
[2019.09.12-14.13.04:879][  0]LogConfig: Setting CVar [[gc.FlushStreamingOnGC:0]]
[2019.09.12-14.13.04:880][  0]LogConfig: Setting CVar [[gc.NumRetriesBeforeForcingGC:10]]
[2019.09.12-14.13.04:880][  0]LogConfig: Setting CVar [[gc.AllowParallelGC:1]]
[2019.09.12-14.13.04:880][  0]LogConfig: Setting CVar [[gc.TimeBetweenPurgingPendingKillObjects:61.1]]
[2019.09.12-14.13.04:880][  0]LogConfig: Setting CVar [[gc.MaxObjectsInEditor:16777216]]
[2019.09.12-14.13.04:880][  0]LogConfig: Setting CVar [[gc.IncrementalBeginDestroyEnabled:1]]
[2019.09.12-14.13.04:880][  0]LogConfig: Setting CVar [[gc.CreateGCClusters:1]]
[2019.09.12-14.13.04:880][  0]LogConfig: Setting CVar [[gc.MinGCClusterSize:5]]
[2019.09.12-14.13.04:880][  0]LogConfig: Setting CVar [[gc.ActorClusteringEnabled:0]]
[2019.09.12-14.13.04:880][  0]LogConfig: Setting CVar [[gc.BlueprintClusteringEnabled:0]]
[2019.09.12-14.13.04:880][  0]LogConfig: Setting CVar [[gc.UseDisregardForGCOnDedicatedServers:0]]
[2019.09.12-14.13.04:880][  0]LogConfig: Applying CVar settings from Section [/Script/Engine.NetworkSettings] File [C:/Users/alexander.west/Desktop/School/Game Physics/Physics_Assignments/Saved/Config/Windows/Engine.ini]
[2019.09.12-14.13.04:880][  0]LogConfig: Applying CVar settings from Section [/Script/UnrealEd.CookerSettings] File [C:/Users/alexander.west/Desktop/School/Game Physics/Physics_Assignments/Saved/Config/Windows/Engine.ini]
[2019.09.12-14.13.04:885][  0]LogConfig: Applying CVar settings from Section [ViewDistanceQuality@3] File [C:/Users/alexander.west/Desktop/School/Game Physics/Physics_Assignments/Saved/Config/Windows/Scalability.ini]
[2019.09.12-14.13.04:885][  0]LogConfig: Setting CVar [[r.SkeletalMeshLODBias:0]]
[2019.09.12-14.13.04:885][  0]LogConfig: Setting CVar [[r.ViewDistanceScale:1.0]]
[2019.09.12-14.13.04:885][  0]LogConfig: Applying CVar settings from Section [AntiAliasingQuality@3] File [C:/Users/alexander.west/Desktop/School/Game Physics/Physics_Assignments/Saved/Config/Windows/Scalability.ini]
[2019.09.12-14.13.04:885][  0]LogConfig: Setting CVar [[r.PostProcessAAQuality:4]]
[2019.09.12-14.13.04:885][  0]LogConfig: Applying CVar settings from Section [ShadowQuality@3] File [C:/Users/alexander.west/Desktop/School/Game Physics/Physics_Assignments/Saved/Config/Windows/Scalability.ini]
[2019.09.12-14.13.04:885][  0]LogConfig: Setting CVar [[r.LightFunctionQuality:1]]
[2019.09.12-14.13.04:885][  0]LogConfig: Setting CVar [[r.ShadowQuality:5]]
[2019.09.12-14.13.04:885][  0]LogConfig: Setting CVar [[r.Shadow.CSM.MaxCascades:10]]
[2019.09.12-14.13.04:885][  0]LogConfig: Setting CVar [[r.Shadow.MaxResolution:2048]]
[2019.09.12-14.13.04:885][  0]LogConfig: Setting CVar [[r.Shadow.MaxCSMResolution:2048]]
[2019.09.12-14.13.04:885][  0]LogConfig: Setting CVar [[r.Shadow.RadiusThreshold:0.01]]
[2019.09.12-14.13.04:885][  0]LogConfig: Setting CVar [[r.Shadow.DistanceScale:1.0]]
[2019.09.12-14.13.04:885][  0]LogConfig: Setting CVar [[r.Shadow.CSM.TransitionScale:1.0]]
[2019.09.12-14.13.04:886][  0]LogConfig: Setting CVar [[r.Shadow.PreShadowResolutionFactor:1.0]]
[2019.09.12-14.13.04:886][  0]LogConfig: Setting CVar [[r.DistanceFieldShadowing:1]]
[2019.09.12-14.13.04:886][  0]LogConfig: Setting CVar [[r.DistanceFieldAO:1]]
[2019.09.12-14.13.04:886][  0]LogConfig: Setting CVar [[r.AOQuality:2]]
[2019.09.12-14.13.04:886][  0]LogConfig: Setting CVar [[r.VolumetricFog:1]]
[2019.09.12-14.13.04:886][  0]LogConfig: Setting CVar [[r.VolumetricFog.GridPixelSize:8]]
[2019.09.12-14.13.04:886][  0]LogConfig: Setting CVar [[r.VolumetricFog.GridSizeZ:128]]
[2019.09.12-14.13.04:886][  0]LogConfig: Setting CVar [[r.VolumetricFog.HistoryMissSupersampleCount:4]]
[2019.09.12-14.13.04:886][  0]LogConfig: Setting CVar [[r.LightMaxDrawDistanceScale:1]]
[2019.09.12-14.13.04:886][  0]LogConfig: Setting CVar [[r.CapsuleShadows:1]]
[2019.09.12-14.13.04:886][  0]LogConfig: Applying CVar settings from Section [PostProcessQuality@3] File [C:/Users/alexander.west/Desktop/School/Game Physics/Physics_Assignments/Saved/Config/Windows/Scalability.ini]
[2019.09.12-14.13.04:886][  0]LogConfig: Setting CVar [[r.MotionBlurQuality:4]]
[2019.09.12-14.13.04:886][  0]LogConfig: Setting CVar [[r.AmbientOcclusionMipLevelFactor:0.4]]
[2019.09.12-14.13.04:886][  0]LogConfig: Setting CVar [[r.AmbientOcclusionMaxQuality:100]]
[2019.09.12-14.13.04:886][  0]LogConfig: Setting CVar [[r.AmbientOcclusionLevels:-1]]
[2019.09.12-14.13.04:886][  0]LogConfig: Setting CVar [[r.AmbientOcclusionRadiusScale:1.0]]
[2019.09.12-14.13.04:886][  0]LogConfig: Setting CVar [[r.DepthOfFieldQuality:2]]
[2019.09.12-14.13.04:886][  0]LogConfig: Setting CVar [[r.RenderTargetPoolMin:400]]
[2019.09.12-14.13.04:886][  0]LogConfig: Setting CVar [[r.LensFlareQuality:2]]
[2019.09.12-14.13.04:886][  0]LogConfig: Setting CVar [[r.SceneColorFringeQuality:1]]
[2019.09.12-14.13.04:886][  0]LogConfig: Setting CVar [[r.EyeAdaptationQuality:2]]
[2019.09.12-14.13.04:886][  0]LogConfig: Setting CVar [[r.BloomQuality:5]]
[2019.09.12-14.13.04:886][  0]LogConfig: Setting CVar [[r.FastBlurThreshold:100]]
[2019.09.12-14.13.04:886][  0]LogConfig: Setting CVar [[r.Upscale.Quality:3]]
[2019.09.12-14.13.04:886][  0]LogConfig: Setting CVar [[r.Tonemapper.GrainQuantization:1]]
[2019.09.12-14.13.04:886][  0]LogConfig: Setting CVar [[r.LightShaftQuality:1]]
[2019.09.12-14.13.04:886][  0]LogConfig: Setting CVar [[r.Filter.SizeScale:1]]
[2019.09.12-14.13.04:886][  0]LogConfig: Setting CVar [[r.Tonemapper.Quality:5]]
[2019.09.12-14.13.04:886][  0]LogConfig: Setting CVar [[r.DOF.Gather.AccumulatorQuality:1        ; higher gathering accumulator quality]]
[2019.09.12-14.13.04:886][  0]LogConfig: Setting CVar [[r.DOF.Gather.PostfilterMethod:1          ; Median3x3 postfilering method]]
[2019.09.12-14.13.04:886][  0]LogConfig: Setting CVar [[r.DOF.Gather.EnableBokehSettings:0       ; no bokeh simulation when gathering]]
[2019.09.12-14.13.04:886][  0]LogConfig: Setting CVar [[r.DOF.Gather.RingCount:4                 ; medium number of samples when gathering]]
[2019.09.12-14.13.04:886][  0]LogConfig: Setting CVar [[r.DOF.Scatter.ForegroundCompositing:1    ; additive foreground scattering]]
[2019.09.12-14.13.04:886][  0]LogConfig: Setting CVar [[r.DOF.Scatter.BackgroundCompositing:2    ; additive background scattering]]
[2019.09.12-14.13.04:886][  0]LogConfig: Setting CVar [[r.DOF.Scatter.EnableBokehSettings:1      ; bokeh simulation when scattering]]
[2019.09.12-14.13.04:886][  0]LogConfig: Setting CVar [[r.DOF.Scatter.MaxSpriteRatio:0.1         ; only a maximum of 10% of scattered bokeh]]
[2019.09.12-14.13.04:886][  0]LogConfig: Setting CVar [[r.DOF.Recombine.Quality:1                ; cheap slight out of focus]]
[2019.09.12-14.13.04:886][  0]LogConfig: Setting CVar [[r.DOF.Recombine.EnableBokehSettings:0    ; no bokeh simulation on slight out of focus]]
[2019.09.12-14.13.04:886][  0]LogConfig: Setting CVar [[r.DOF.TemporalAAQuality:1                ; more stable temporal accumulation]]
[2019.09.12-14.13.04:886][  0]LogConfig: Setting CVar [[r.DOF.Kernel.MaxForegroundRadius:0.025]]
[2019.09.12-14.13.04:886][  0]LogConfig: Setting CVar [[r.DOF.Kernel.MaxBackgroundRadius:0.025]]
[2019.09.12-14.13.04:886][  0]LogConfig: Applying CVar settings from Section [TextureQuality@3] File [C:/Users/alexander.west/Desktop/School/Game Physics/Physics_Assignments/Saved/Config/Windows/Scalability.ini]
[2019.09.12-14.13.04:886][  0]LogConfig: Setting CVar [[r.Streaming.MipBias:0]]
[2019.09.12-14.13.04:886][  0]LogConfig: Setting CVar [[r.Streaming.AmortizeCPUToGPUCopy:0]]
[2019.09.12-14.13.04:886][  0]LogConfig: Setting CVar [[r.Streaming.MaxNumTexturesToStreamPerFrame:0]]
[2019.09.12-14.13.04:886][  0]LogConfig: Setting CVar [[r.Streaming.Boost:1]]
[2019.09.12-14.13.04:886][  0]LogConfig: Setting CVar [[r.MaxAnisotropy:8]]
[2019.09.12-14.13.04:886][  0]LogConfig: Setting CVar [[r.Streaming.LimitPoolSizeToVRAM:0]]
[2019.09.12-14.13.04:886][  0]LogConfig: Setting CVar [[r.Streaming.PoolSize:1000]]
[2019.09.12-14.13.04:886][  0]LogConfig: Setting CVar [[r.Streaming.MaxEffectiveScreenSize:0]]
[2019.09.12-14.13.04:886][  0]LogConfig: Applying CVar settings from Section [EffectsQuality@3] File [C:/Users/alexander.west/Desktop/School/Game Physics/Physics_Assignments/Saved/Config/Windows/Scalability.ini]
[2019.09.12-14.13.04:886][  0]LogConfig: Setting CVar [[r.TranslucencyLightingVolumeDim:64]]
[2019.09.12-14.13.04:886][  0]LogConfig: Setting CVar [[r.RefractionQuality:2]]
[2019.09.12-14.13.04:886][  0]LogConfig: Setting CVar [[r.SSR.Quality:3]]
[2019.09.12-14.13.04:886][  0]LogConfig: Setting CVar [[r.SceneColorFormat:4]]
[2019.09.12-14.13.04:886][  0]LogConfig: Setting CVar [[r.DetailMode:2]]
[2019.09.12-14.13.04:886][  0]LogConfig: Setting CVar [[r.TranslucencyVolumeBlur:1]]
[2019.09.12-14.13.04:886][  0]LogConfig: Setting CVar [[r.MaterialQualityLevel:1 ; High quality]]
[2019.09.12-14.13.04:886][  0]LogConfig: Setting CVar [[r.SSS.Scale:1]]
[2019.09.12-14.13.04:886][  0]LogConfig: Setting CVar [[r.SSS.SampleSet:2]]
[2019.09.12-14.13.04:886][  0]LogConfig: Setting CVar [[r.SSS.Quality:1]]
[2019.09.12-14.13.04:886][  0]LogConfig: Setting CVar [[r.SSS.HalfRes:1]]
[2019.09.12-14.13.04:886][  0]LogConfig: Setting CVar [[r.EmitterSpawnRateScale:1.0]]
[2019.09.12-14.13.04:886][  0]LogConfig: Setting CVar [[r.ParticleLightQuality:2]]
[2019.09.12-14.13.04:886][  0]LogConfig: Applying CVar settings from Section [FoliageQuality@3] File [C:/Users/alexander.west/Desktop/School/Game Physics/Physics_Assignments/Saved/Config/Windows/Scalability.ini]
[2019.09.12-14.13.04:886][  0]LogConfig: Setting CVar [[foliage.DensityScale:1.0]]
[2019.09.12-14.13.04:886][  0]LogConfig: Setting CVar [[grass.DensityScale:1.0]]
[2019.09.12-14.13.04:887][  0]LogInit: Selected Device Profile: [Windows]
[2019.09.12-14.13.04:887][  0]LogInit: Applying CVar settings loaded from the selected device profile: [Windows]
[2019.09.12-14.13.04:889][  0]LogHAL: Display: Platform has ~ 32 GB [34283397120 / 34359738368 / 32], which maps to Largest [LargestMinGB=32, LargerMinGB=12, DefaultMinGB=8, SmallerMinGB=6, SmallestMinGB=0)
[2019.09.12-14.13.04:889][  0]LogInit: Going up to parent DeviceProfile []
[2019.09.12-14.13.04:889][  0]LogConfig: Applying CVar settings from Section [ViewDistanceQuality@3] File [C:/Users/alexander.west/Desktop/School/Game Physics/Physics_Assignments/Saved/Config/Windows/Scalability.ini]
[2019.09.12-14.13.04:890][  0]LogConfig: Setting CVar [[r.SkeletalMeshLODBias:0]]
[2019.09.12-14.13.04:890][  0]LogConfig: Setting CVar [[r.ViewDistanceScale:1.0]]
[2019.09.12-14.13.04:890][  0]LogConfig: Applying CVar settings from Section [AntiAliasingQuality@3] File [C:/Users/alexander.west/Desktop/School/Game Physics/Physics_Assignments/Saved/Config/Windows/Scalability.ini]
[2019.09.12-14.13.04:890][  0]LogConfig: Setting CVar [[r.PostProcessAAQuality:4]]
[2019.09.12-14.13.04:890][  0]LogConfig: Applying CVar settings from Section [ShadowQuality@3] File [C:/Users/alexander.west/Desktop/School/Game Physics/Physics_Assignments/Saved/Config/Windows/Scalability.ini]
[2019.09.12-14.13.04:890][  0]LogConfig: Setting CVar [[r.LightFunctionQuality:1]]
[2019.09.12-14.13.04:890][  0]LogConfig: Setting CVar [[r.ShadowQuality:5]]
[2019.09.12-14.13.04:890][  0]LogConfig: Setting CVar [[r.Shadow.CSM.MaxCascades:10]]
[2019.09.12-14.13.04:890][  0]LogConfig: Setting CVar [[r.Shadow.MaxResolution:2048]]
[2019.09.12-14.13.04:890][  0]LogConfig: Setting CVar [[r.Shadow.MaxCSMResolution:2048]]
[2019.09.12-14.13.04:890][  0]LogConfig: Setting CVar [[r.Shadow.RadiusThreshold:0.01]]
[2019.09.12-14.13.04:890][  0]LogConfig: Setting CVar [[r.Shadow.DistanceScale:1.0]]
[2019.09.12-14.13.04:890][  0]LogConfig: Setting CVar [[r.Shadow.CSM.TransitionScale:1.0]]
[2019.09.12-14.13.04:890][  0]LogConfig: Setting CVar [[r.Shadow.PreShadowResolutionFactor:1.0]]
[2019.09.12-14.13.04:890][  0]LogConfig: Setting CVar [[r.DistanceFieldShadowing:1]]
[2019.09.12-14.13.04:890][  0]LogConfig: Setting CVar [[r.DistanceFieldAO:1]]
[2019.09.12-14.13.04:890][  0]LogConfig: Setting CVar [[r.AOQuality:2]]
[2019.09.12-14.13.04:890][  0]LogConfig: Setting CVar [[r.VolumetricFog:1]]
[2019.09.12-14.13.04:890][  0]LogConfig: Setting CVar [[r.VolumetricFog.GridPixelSize:8]]
[2019.09.12-14.13.04:890][  0]LogConfig: Setting CVar [[r.VolumetricFog.GridSizeZ:128]]
[2019.09.12-14.13.04:890][  0]LogConfig: Setting CVar [[r.VolumetricFog.HistoryMissSupersampleCount:4]]
[2019.09.12-14.13.04:890][  0]LogConfig: Setting CVar [[r.LightMaxDrawDistanceScale:1]]
[2019.09.12-14.13.04:890][  0]LogConfig: Setting CVar [[r.CapsuleShadows:1]]
[2019.09.12-14.13.04:890][  0]LogConfig: Applying CVar settings from Section [PostProcessQuality@3] File [C:/Users/alexander.west/Desktop/School/Game Physics/Physics_Assignments/Saved/Config/Windows/Scalability.ini]
[2019.09.12-14.13.04:890][  0]LogConfig: Setting CVar [[r.MotionBlurQuality:4]]
[2019.09.12-14.13.04:890][  0]LogConfig: Setting CVar [[r.AmbientOcclusionMipLevelFactor:0.4]]
[2019.09.12-14.13.04:890][  0]LogConfig: Setting CVar [[r.AmbientOcclusionMaxQuality:100]]
[2019.09.12-14.13.04:890][  0]LogConfig: Setting CVar [[r.AmbientOcclusionLevels:-1]]
[2019.09.12-14.13.04:890][  0]LogConfig: Setting CVar [[r.AmbientOcclusionRadiusScale:1.0]]
[2019.09.12-14.13.04:890][  0]LogConfig: Setting CVar [[r.DepthOfFieldQuality:2]]
[2019.09.12-14.13.04:890][  0]LogConfig: Setting CVar [[r.RenderTargetPoolMin:400]]
[2019.09.12-14.13.04:890][  0]LogConfig: Setting CVar [[r.LensFlareQuality:2]]
[2019.09.12-14.13.04:890][  0]LogConfig: Setting CVar [[r.SceneColorFringeQuality:1]]
[2019.09.12-14.13.04:890][  0]LogConfig: Setting CVar [[r.EyeAdaptationQuality:2]]
[2019.09.12-14.13.04:890][  0]LogConfig: Setting CVar [[r.BloomQuality:5]]
[2019.09.12-14.13.04:890][  0]LogConfig: Setting CVar [[r.FastBlurThreshold:100]]
[2019.09.12-14.13.04:890][  0]LogConfig: Setting CVar [[r.Upscale.Quality:3]]
[2019.09.12-14.13.04:890][  0]LogConfig: Setting CVar [[r.Tonemapper.GrainQuantization:1]]
[2019.09.12-14.13.04:890][  0]LogConfig: Setting CVar [[r.LightShaftQuality:1]]
[2019.09.12-14.13.04:890][  0]LogConfig: Setting CVar [[r.Filter.SizeScale:1]]
[2019.09.12-14.13.04:890][  0]LogConfig: Setting CVar [[r.Tonemapper.Quality:5]]
[2019.09.12-14.13.04:890][  0]LogConfig: Setting CVar [[r.DOF.Gather.AccumulatorQuality:1        ; higher gathering accumulator quality]]
[2019.09.12-14.13.04:890][  0]LogConfig: Setting CVar [[r.DOF.Gather.PostfilterMethod:1          ; Median3x3 postfilering method]]
[2019.09.12-14.13.04:890][  0]LogConfig: Setting CVar [[r.DOF.Gather.EnableBokehSettings:0       ; no bokeh simulation when gathering]]
[2019.09.12-14.13.04:890][  0]LogConfig: Setting CVar [[r.DOF.Gather.RingCount:4                 ; medium number of samples when gathering]]
[2019.09.12-14.13.04:890][  0]LogConfig: Setting CVar [[r.DOF.Scatter.ForegroundCompositing:1    ; additive foreground scattering]]
[2019.09.12-14.13.04:890][  0]LogConfig: Setting CVar [[r.DOF.Scatter.BackgroundCompositing:2    ; additive background scattering]]
[2019.09.12-14.13.04:890][  0]LogConfig: Setting CVar [[r.DOF.Scatter.EnableBokehSettings:1      ; bokeh simulation when scattering]]
[2019.09.12-14.13.04:890][  0]LogConfig: Setting CVar [[r.DOF.Scatter.MaxSpriteRatio:0.1         ; only a maximum of 10% of scattered bokeh]]
[2019.09.12-14.13.04:890][  0]LogConfig: Setting CVar [[r.DOF.Recombine.Quality:1                ; cheap slight out of focus]]
[2019.09.12-14.13.04:890][  0]LogConfig: Setting CVar [[r.DOF.Recombine.EnableBokehSettings:0    ; no bokeh simulation on slight out of focus]]
[2019.09.12-14.13.04:890][  0]LogConfig: Setting CVar [[r.DOF.TemporalAAQuality:1                ; more stable temporal accumulation]]
[2019.09.12-14.13.04:890][  0]LogConfig: Setting CVar [[r.DOF.Kernel.MaxForegroundRadius:0.025]]
[2019.09.12-14.13.04:890][  0]LogConfig: Setting CVar [[r.DOF.Kernel.MaxBackgroundRadius:0.025]]
[2019.09.12-14.13.04:890][  0]LogConfig: Applying CVar settings from Section [TextureQuality@3] File [C:/Users/alexander.west/Desktop/School/Game Physics/Physics_Assignments/Saved/Config/Windows/Scalability.ini]
[2019.09.12-14.13.04:890][  0]LogConfig: Setting CVar [[r.Streaming.MipBias:0]]
[2019.09.12-14.13.04:890][  0]LogConfig: Setting CVar [[r.Streaming.AmortizeCPUToGPUCopy:0]]
[2019.09.12-14.13.04:890][  0]LogConfig: Setting CVar [[r.Streaming.MaxNumTexturesToStreamPerFrame:0]]
[2019.09.12-14.13.04:890][  0]LogConfig: Setting CVar [[r.Streaming.Boost:1]]
[2019.09.12-14.13.04:890][  0]LogConfig: Setting CVar [[r.MaxAnisotropy:8]]
[2019.09.12-14.13.04:891][  0]LogConfig: Setting CVar [[r.Streaming.LimitPoolSizeToVRAM:0]]
[2019.09.12-14.13.04:891][  0]LogConfig: Setting CVar [[r.Streaming.PoolSize:1000]]
[2019.09.12-14.13.04:891][  0]LogConfig: Setting CVar [[r.Streaming.MaxEffectiveScreenSize:0]]
[2019.09.12-14.13.04:891][  0]LogConfig: Applying CVar settings from Section [EffectsQuality@3] File [C:/Users/alexander.west/Desktop/School/Game Physics/Physics_Assignments/Saved/Config/Windows/Scalability.ini]
[2019.09.12-14.13.04:891][  0]LogConfig: Setting CVar [[r.TranslucencyLightingVolumeDim:64]]
[2019.09.12-14.13.04:891][  0]LogConfig: Setting CVar [[r.RefractionQuality:2]]
[2019.09.12-14.13.04:891][  0]LogConfig: Setting CVar [[r.SSR.Quality:3]]
[2019.09.12-14.13.04:891][  0]LogConfig: Setting CVar [[r.SceneColorFormat:4]]
[2019.09.12-14.13.04:891][  0]LogConfig: Setting CVar [[r.DetailMode:2]]
[2019.09.12-14.13.04:891][  0]LogConfig: Setting CVar [[r.TranslucencyVolumeBlur:1]]
[2019.09.12-14.13.04:891][  0]LogConfig: Setting CVar [[r.MaterialQualityLevel:1 ; High quality]]
[2019.09.12-14.13.04:891][  0]LogConfig: Setting CVar [[r.SSS.Scale:1]]
[2019.09.12-14.13.04:891][  0]LogConfig: Setting CVar [[r.SSS.SampleSet:2]]
[2019.09.12-14.13.04:891][  0]LogConfig: Setting CVar [[r.SSS.Quality:1]]
[2019.09.12-14.13.04:891][  0]LogConfig: Setting CVar [[r.SSS.HalfRes:1]]
[2019.09.12-14.13.04:891][  0]LogConfig: Setting CVar [[r.EmitterSpawnRateScale:1.0]]
[2019.09.12-14.13.04:891][  0]LogConfig: Setting CVar [[r.ParticleLightQuality:2]]
[2019.09.12-14.13.04:891][  0]LogConfig: Applying CVar settings from Section [FoliageQuality@3] File [C:/Users/alexander.west/Desktop/School/Game Physics/Physics_Assignments/Saved/Config/Windows/Scalability.ini]
[2019.09.12-14.13.04:891][  0]LogConfig: Setting CVar [[foliage.DensityScale:1.0]]
[2019.09.12-14.13.04:891][  0]LogConfig: Setting CVar [[grass.DensityScale:1.0]]
[2019.09.12-14.13.04:891][  0]LogConfig: Applying CVar settings from Section [Startup] File [../../../Engine/Config/ConsoleVariables.ini]
[2019.09.12-14.13.04:891][  0]LogConfig: Setting CVar [[net.UseAdaptiveNetUpdateFrequency:0]]
[2019.09.12-14.13.04:891][  0]LogConfig: Setting CVar [[p.chaos.AllowCreatePhysxBodies:1]]
[2019.09.12-14.13.04:891][  0]LogConfig: Applying CVar settings from Section [ConsoleVariables] File [C:/Users/alexander.west/Desktop/School/Game Physics/Physics_Assignments/Saved/Config/Windows/Engine.ini]
[2019.09.12-14.13.04:891][  0]LogInit: Computer: JOYCE101-07
[2019.09.12-14.13.04:891][  0]LogInit: User: alexanderwest
[2019.09.12-14.13.04:891][  0]LogInit: CPU Page size=4096, Cores=4
[2019.09.12-14.13.04:891][  0]LogInit: High frequency timer resolution =10.000000 MHz
[2019.09.12-14.13.04:891][  0]LogMemory: Memory total: Physical=31.9GB (32GB approx)
[2019.09.12-14.13.04:891][  0]LogMemory: Platform Memory Stats for Windows
[2019.09.12-14.13.04:891][  0]LogMemory: Process Physical Memory: 100.40 MB used, 100.40 MB peak
[2019.09.12-14.13.04:891][  0]LogMemory: Process Virtual Memory: 100.47 MB used, 100.47 MB peak
[2019.09.12-14.13.04:891][  0]LogMemory: Physical Memory: 5824.36 MB used,  26870.84 MB free, 32695.20 MB total
[2019.09.12-14.13.04:891][  0]LogMemory: Virtual Memory: 4682.88 MB used,  134213048.00 MB free, 134217728.00 MB total
[2019.09.12-14.13.04:894][  0]LogWindows: WindowsPlatformFeatures enabled
[2019.09.12-14.13.04:915][  0]LogInit: Using OS detected language (en-US).
[2019.09.12-14.13.04:915][  0]LogInit: Using OS detected locale (en-US).
[2019.09.12-14.13.04:916][  0]LogTextLocalizationManager: No specific localization for 'en-US' exists, so the 'en' localization will be used.
[2019.09.12-14.13.05:094][  0]LogInit: Setting process to per monitor DPI aware
[2019.09.12-14.13.05:140][  0]LogSlate: New Slate User Created.  User Index 0, Is Virtual User: 0
[2019.09.12-14.13.05:140][  0]LogSlate: Slate User Registered.  User Index 0, Is Virtual User: 0
[2019.09.12-14.13.05:374][  0]LogHMD: Failed to initialize OpenVR with code 110
[2019.09.12-14.13.05:374][  0]LogD3D11RHI: D3D11 adapters:
[2019.09.12-14.13.05:437][  0]LogD3D11RHI:    0. 'NVIDIA GeForce GTX 1080 Ti' (Feature Level 11_0)
[2019.09.12-14.13.05:437][  0]LogD3D11RHI:       11132/0/16347 MB DedicatedVideo/DedicatedSystem/SharedSystem, Outputs:2, VendorId:0x10de
[2019.09.12-14.13.05:440][  0]LogD3D11RHI:    1. 'Microsoft Basic Render Driver' (Feature Level 11_0)
[2019.09.12-14.13.05:440][  0]LogD3D11RHI:       0/0/16347 MB DedicatedVideo/DedicatedSystem/SharedSystem, Outputs:0, VendorId:0x1414
[2019.09.12-14.13.05:440][  0]LogD3D11RHI: Chosen D3D11 Adapter: 0
[2019.09.12-14.13.05:447][  0]LogD3D11RHI: Creating new Direct3DDevice
[2019.09.12-14.13.05:447][  0]LogD3D11RHI:     GPU DeviceId: 0x1b06 (for the marketing name, search the web for "GPU Device Id")
[2019.09.12-14.13.05:447][  0]LogWindows: EnumDisplayDevices:
[2019.09.12-14.13.05:447][  0]LogWindows:    0. 'NVIDIA GeForce GTX 1080 Ti' (P:1 D:1)
[2019.09.12-14.13.05:447][  0]LogWindows:    1. 'NVIDIA GeForce GTX 1080 Ti' (P:0 D:1)
[2019.09.12-14.13.05:447][  0]LogWindows:    2. 'NVIDIA GeForce GTX 1080 Ti' (P:0 D:0)
[2019.09.12-14.13.05:447][  0]LogWindows:    3. 'NVIDIA GeForce GTX 1080 Ti' (P:0 D:0)
[2019.09.12-14.13.05:448][  0]LogWindows: DebugString: FoundDriverCount:4 
[2019.09.12-14.13.05:448][  0]LogD3D11RHI:     Adapter Name: NVIDIA GeForce GTX 1080 Ti
[2019.09.12-14.13.05:448][  0]LogD3D11RHI:   Driver Version: 388.13 (internal:23.21.13.8813, unified:388.13)
[2019.09.12-14.13.05:448][  0]LogD3D11RHI:      Driver Date: 10-27-2017
[2019.09.12-14.13.05:448][  0]LogRHI: Texture pool is 7792 MB (70% of 11132 MB)
[2019.09.12-14.13.05:478][  0]LogD3D11RHI: Async texture creation enabled
[2019.09.12-14.13.05:490][  0]LogD3D11RHI: GPU Timing Frequency: 1000.000000 (Debug: 2 1)
[2019.09.12-14.13.05:903][  0]LogTemp: Display: Module 'AllDesktopTargetPlatform' loaded TargetPlatform 'AllDesktop'
[2019.09.12-14.13.05:912][  0]LogTemp: Display: Module 'MacClientTargetPlatform' loaded TargetPlatform 'MacClient'
[2019.09.12-14.13.05:920][  0]LogTemp: Display: Module 'MacNoEditorTargetPlatform' loaded TargetPlatform 'MacNoEditor'
[2019.09.12-14.13.05:928][  0]LogTemp: Display: Module 'MacServerTargetPlatform' loaded TargetPlatform 'MacServer'
[2019.09.12-14.13.05:937][  0]LogTemp: Display: Module 'MacTargetPlatform' loaded TargetPlatform 'Mac'
[2019.09.12-14.13.05:945][  0]LogTemp: Display: Module 'WindowsClientTargetPlatform' loaded TargetPlatform 'WindowsClient'
[2019.09.12-14.13.05:953][  0]LogTemp: Display: Module 'WindowsNoEditorTargetPlatform' loaded TargetPlatform 'WindowsNoEditor'
[2019.09.12-14.13.05:962][  0]LogTemp: Display: Module 'WindowsServerTargetPlatform' loaded TargetPlatform 'WindowsServer'
[2019.09.12-14.13.05:966][  0]LogTemp: Display: Module 'WindowsTargetPlatform' loaded TargetPlatform 'Windows'
[2019.09.12-14.13.05:998][  0]LogTemp: Display: Module 'AndroidTargetPlatform' loaded TargetPlatform 'Android'
[2019.09.12-14.13.05:998][  0]LogTemp: Display: Module 'AndroidTargetPlatform' loaded TargetPlatform 'Android_ASTC'
[2019.09.12-14.13.05:998][  0]LogTemp: Display: Module 'AndroidTargetPlatform' loaded TargetPlatform 'Android_ATC'
[2019.09.12-14.13.05:998][  0]LogTemp: Display: Module 'AndroidTargetPlatform' loaded TargetPlatform 'Android_DXT'
[2019.09.12-14.13.05:998][  0]LogTemp: Display: Module 'AndroidTargetPlatform' loaded TargetPlatform 'Android_ETC1'
[2019.09.12-14.13.05:998][  0]LogTemp: Display: Module 'AndroidTargetPlatform' loaded TargetPlatform 'Android_ETC1a'
[2019.09.12-14.13.05:998][  0]LogTemp: Display: Module 'AndroidTargetPlatform' loaded TargetPlatform 'Android_ETC2'
[2019.09.12-14.13.05:998][  0]LogTemp: Display: Module 'AndroidTargetPlatform' loaded TargetPlatform 'Android_PVRTC'
[2019.09.12-14.13.05:998][  0]LogTemp: Display: Module 'AndroidTargetPlatform' loaded TargetPlatform 'AndroidClient'
[2019.09.12-14.13.05:998][  0]LogTemp: Display: Module 'AndroidTargetPlatform' loaded TargetPlatform 'Android_ASTCClient'
[2019.09.12-14.13.05:998][  0]LogTemp: Display: Module 'AndroidTargetPlatform' loaded TargetPlatform 'Android_ATCClient'
[2019.09.12-14.13.05:998][  0]LogTemp: Display: Module 'AndroidTargetPlatform' loaded TargetPlatform 'Android_DXTClient'
[2019.09.12-14.13.05:998][  0]LogTemp: Display: Module 'AndroidTargetPlatform' loaded TargetPlatform 'Android_ETC1Client'
[2019.09.12-14.13.05:998][  0]LogTemp: Display: Module 'AndroidTargetPlatform' loaded TargetPlatform 'Android_ETC1aClient'
[2019.09.12-14.13.05:998][  0]LogTemp: Display: Module 'AndroidTargetPlatform' loaded TargetPlatform 'Android_ETC2Client'
[2019.09.12-14.13.05:998][  0]LogTemp: Display: Module 'AndroidTargetPlatform' loaded TargetPlatform 'Android_PVRTCClient'
[2019.09.12-14.13.05:998][  0]LogTemp: Display: Module 'AndroidTargetPlatform' loaded TargetPlatform 'Android_Multi'
[2019.09.12-14.13.05:998][  0]LogTemp: Display: Module 'AndroidTargetPlatform' loaded TargetPlatform 'Android_MultiClient'
[2019.09.12-14.13.06:000][  0]LogTemp: Display: Module 'HTML5TargetPlatform' loaded TargetPlatform 'HTML5'
[2019.09.12-14.13.06:019][  0]LogTemp: Display: Module 'IOSTargetPlatform' loaded TargetPlatform 'IOSClient'
[2019.09.12-14.13.06:019][  0]LogTemp: Display: Module 'IOSTargetPlatform' loaded TargetPlatform 'IOS'
[2019.09.12-14.13.06:032][  0]LogTemp: Display: Module 'TVOSTargetPlatform' loaded TargetPlatform 'TVOSClient'
[2019.09.12-14.13.06:032][  0]LogTemp: Display: Module 'TVOSTargetPlatform' loaded TargetPlatform 'TVOS'
[2019.09.12-14.13.06:037][  0]LogTemp: Display: Module 'LinuxClientTargetPlatform' loaded TargetPlatform 'LinuxClient'
[2019.09.12-14.13.06:044][  0]LogTemp: Display: Module 'LinuxNoEditorTargetPlatform' loaded TargetPlatform 'LinuxNoEditor'
[2019.09.12-14.13.06:051][  0]LogTemp: Display: Module 'LinuxServerTargetPlatform' loaded TargetPlatform 'LinuxServer'
[2019.09.12-14.13.06:059][  0]LogTemp: Display: Module 'LinuxTargetPlatform' loaded TargetPlatform 'Linux'
[2019.09.12-14.13.06:082][  0]LogTemp: Display: Module 'LuminTargetPlatform' loaded TargetPlatform 'Lumin'
[2019.09.12-14.13.06:082][  0]LogTemp: Display: Module 'LuminTargetPlatform' loaded TargetPlatform 'LuminClient'
[2019.09.12-14.13.06:083][  0]LogTargetPlatformManager: Display: Building Assets For Windows
[2019.09.12-14.13.06:091][  0]LogAudioDebug: Display: Lib vorbis DLL was dynamically loaded.
[2019.09.12-14.13.06:140][  0]LogShaderCompilers: Guid format shader working directory is -32 characters bigger than the processId version (../../../../../../Users/alexander.west/Desktop/School/Game Physics/Physics_Assignments/Intermediate/Shaders/WorkingDirectory/16020/).
[2019.09.12-14.13.06:140][  0]LogShaderCompilers: Cleaned the shader compiler working directory 'C:/Users/alexander.west/AppData/Local/Temp/UnrealShaderWorkingDir/83FFE051407FB1ADAD647AAF742580C6/'.
[2019.09.12-14.13.06:142][  0]LogXGEController: Cleaning working directory: C:/Users/alexander.west/AppData/Local/Temp/UnrealXGEWorkingDir/
[2019.09.12-14.13.06:142][  0]LogXGEController: Cannot use XGE Controller as Incredibuild is not installed on this machine.
[2019.09.12-14.13.06:142][  0]LogShaderCompilers: Cannot use XGE Shader Compiler as Incredibuild is not installed on this machine.
[2019.09.12-14.13.06:142][  0]LogShaderCompilers: Display: Using Local Shader Compiler.
[2019.09.12-14.13.06:698][  0]LogDerivedDataCache: Display: Max Cache Size: 512 MB
[2019.09.12-14.13.06:744][  0]LogDerivedDataCache: Loaded boot cache 0.05s 73MB C:/Users/alexander.west/AppData/Local/UnrealEngine/4.23/DerivedDataCache/Boot.ddc.
[2019.09.12-14.13.06:744][  0]LogDerivedDataCache: Display: Loaded Boot cache: C:/Users/alexander.west/AppData/Local/UnrealEngine/4.23/DerivedDataCache/Boot.ddc
[2019.09.12-14.13.06:745][  0]LogDerivedDataCache: FDerivedDataBackendGraph:  Pak pak cache file ../../../../../../Users/alexander.west/Desktop/School/Game Physics/Physics_Assignments/DerivedDataCache/DDC.ddp not found, will not use a pak cache.
[2019.09.12-14.13.06:745][  0]LogDerivedDataCache: Unable to find inner node Pak for hierarchical cache Hierarchy.
[2019.09.12-14.13.06:745][  0]LogDerivedDataCache: FDerivedDataBackendGraph:  CompressedPak pak cache file ../../../../../../Users/alexander.west/Desktop/School/Game Physics/Physics_Assignments/DerivedDataCache/Compressed.ddp not found, will not use a pak cache.
[2019.09.12-14.13.06:745][  0]LogDerivedDataCache: Unable to find inner node CompressedPak for hierarchical cache Hierarchy.
[2019.09.12-14.13.06:755][  0]LogDerivedDataCache: Display: Pak cache opened for reading ../../../Engine/DerivedDataCache/Compressed.ddp.
[2019.09.12-14.13.06:755][  0]LogDerivedDataCache: FDerivedDataBackendGraph:  EnterprisePak pak cache file ../../../Enterprise/DerivedDataCache/Compressed.ddp not found, will not use a pak cache.
[2019.09.12-14.13.06:755][  0]LogDerivedDataCache: Unable to find inner node EnterprisePak for hierarchical cache Hierarchy.
[2019.09.12-14.13.06:756][  0]LogDerivedDataCache: Using Local data cache path C:/Users/alexander.west/AppData/Local/UnrealEngine/Common/DerivedDataCache: Writable
[2019.09.12-14.13.06:756][  0]LogDerivedDataCache: Shared data cache path not found in *engine.ini, will not use an Shared cache.
[2019.09.12-14.13.06:756][  0]LogDerivedDataCache: Unable to find inner node Shared for hierarchical cache Hierarchy.
[2019.09.12-14.13.06:776][  0]LogMaterial: Verifying Global Shaders for PCD3D_SM5
[2019.09.12-14.13.06:779][  0]LogSlate: Using FreeType 2.6.0
[2019.09.12-14.13.06:780][  0]LogSlate: SlateFontServices - WITH_FREETYPE: 1, WITH_HARFBUZZ: 1
[2019.09.12-14.13.06:851][  0]LogAssetRegistry: FAssetRegistry took 0.0020 seconds to start up
[2019.09.12-14.13.07:114][  0]LogInit: Selected Device Profile: [Windows]
[2019.09.12-14.13.07:254][  0]LogMeshReduction: Using QuadricMeshReduction for automatic static mesh reduction
[2019.09.12-14.13.07:254][  0]LogMeshReduction: Using SimplygonMeshReduction for automatic skeletal mesh reduction
[2019.09.12-14.13.07:254][  0]LogMeshReduction: Using ProxyLODMeshReduction for automatic mesh merging
[2019.09.12-14.13.07:254][  0]LogMeshReduction: No distributed automatic mesh merging module available
[2019.09.12-14.13.07:254][  0]LogMeshMerging: No distributed automatic mesh merging module available
[2019.09.12-14.13.07:263][  0]LogNetVersion: Physics_Assignments 1.0.0, NetCL: 8386587, EngineNetVer: 11, GameNetVer: 0 (Checksum: 2272414494)
[2019.09.12-14.13.07:640][  0]LogPackageLocalizationCache: Processed 12 localized package path(s) for 1 prioritized culture(s) in 0.041836 seconds
[2019.09.12-14.13.07:648][  0]LogUObjectArray: 43444 objects as part of root set at end of initial load.
[2019.09.12-14.13.07:648][  0]LogUObjectAllocator: 7548648 out of 0 bytes used by permanent object pool.
[2019.09.12-14.13.07:648][  0]LogUObjectArray: CloseDisregardForGC: 0/0 objects in disregard for GC pool
[2019.09.12-14.13.08:531][  0]LogTcpMessaging: Initializing TcpMessaging bridge
[2019.09.12-14.13.08:534][  0]LogUdpMessaging: Initializing bridge on interface 0.0.0.0:0 to multicast group 230.0.0.1:6666.
[2019.09.12-14.13.08:584][  0]SourceControl: Source control is disabled
[2019.09.12-14.13.08:584][  0]SourceControl: Source control is disabled
[2019.09.12-14.13.08:585][  0]SourceControl: Source control is disabled
[2019.09.12-14.13.08:586][  0]SourceControl: Source control is disabled
[2019.09.12-14.13.08:679][  0]LogAndroidPermission: UAndroidPermissionCallbackProxy::GetInstance
[2019.09.12-14.13.08:777][  0]LogOcInput: OculusInput pre-init called
[2019.09.12-14.13.08:785][  0]LogWindows: Failed to load 'OVRPlugin.dll' (GetLastError=126)
[2019.09.12-14.13.08:785][  0]LogWindows: File 'OVRPlugin.dll' does not exist
[2019.09.12-14.13.08:849][  0]LogEngine: Initializing Engine...
[2019.09.12-14.13.08:850][  0]LogHMD: Failed to initialize OpenVR with code 110
[2019.09.12-14.13.08:851][  0]LogStats: UGameplayTagsManager::InitializeManager -  0.000 s
[2019.09.12-14.13.09:054][  0]LogInit: Initializing FReadOnlyCVARCache
[2019.09.12-14.13.09:072][  0]LogAIModule: Creating AISystem for world Untitled
[2019.09.12-14.13.09:080][  0]LogInit: XAudio2 using 'Speakers (Realtek High Definition Audio)' : 2 channels at 48 kHz using 32 bits per sample (channel mask 0x3)
[2019.09.12-14.13.09:118][  0]LogInit: FAudioDevice initialized.
[2019.09.12-14.13.09:118][  0]LogNetVersion: Set ProjectVersion to 1.0.0.0. Version Checksum will be recalculated on next use.
[2019.09.12-14.13.09:186][  0]LogDerivedDataCache: Saved boot cache 0.07s 73MB C:/Users/alexander.west/AppData/Local/UnrealEngine/4.23/DerivedDataCache/Boot.ddc.
[2019.09.12-14.13.09:192][  0]LogInit: Texture streaming: Enabled
[2019.09.12-14.13.09:211][  0]LogEngineSessionManager: EngineSessionManager initialized
[2019.09.12-14.13.09:259][  0]LogInit: Transaction tracking system initialized
[2019.09.12-14.13.09:298][  0]BlueprintLog: New page: Editor Load
[2019.09.12-14.13.09:393][  0]LocalizationService: Localization service is disabled
[2019.09.12-14.13.09:680][  0]LogFileCache: Scanning file cache for directory 'C:/Users/alexander.west/Desktop/School/Game Physics/Physics_Assignments/Content/' took 0.00s
[2019.09.12-14.13.09:681][  0]LogCook: Display: Max memory allowance for cook 16384mb min free memory 0mb
[2019.09.12-14.13.09:681][  0]LogCook: Display: Mobile HDR setting 1
[2019.09.12-14.13.09:879][  0]SourceControl: Source control is disabled
[2019.09.12-14.13.09:879][  0]Cmd: MAP LOAD FILE="../../../../../../Users/alexander.west/Desktop/School/Game Physics/Physics_Assignments/Content/StarterContent/Maps/Minimal_Default.umap" TEMPLATE=0 SHOWPROGRESS=1 FEATURELEVEL=3
[2019.09.12-14.13.09:880][  0]LightingResults: New page: Lighting Build
[2019.09.12-14.13.09:887][  0]LogWorld: UWorld::CleanupWorld for Untitled, bSessionEnded=true, bCleanupResources=true
[2019.09.12-14.13.09:887][  0]MapCheck: New page: Map Check
[2019.09.12-14.13.09:887][  0]LightingResults: New page: Lighting Build
[2019.09.12-14.13.09:913][  0]LogUObjectHash: Compacting FUObjectHashTables data took   1.48ms
[2019.09.12-14.13.09:960][  0]LogLinker: Warning: While loading '../../../../../../Users/alexander.west/Desktop/School/Game Physics/Physics_Assignments/Content/StarterContent/Maps/Minimal_Default.umap' failed to load '/Game/StarterContent/Maps/Minimal_Default_BuiltData': Can't find file.
[2019.09.12-14.13.09:960][  0]LogLinker: Warning: While loading '../../../../../../Users/alexander.west/Desktop/School/Game Physics/Physics_Assignments/Content/StarterContent/Maps/Minimal_Default.umap' failed to load '/Game/StarterContent/Maps/Minimal_Default_BuiltData': Can't find file.
[2019.09.12-14.13.09:965][  0]LogLinker: Warning: While loading '../../../../../../Users/alexander.west/Desktop/School/Game Physics/Physics_Assignments/Content/StarterContent/Maps/Minimal_Default.umap' failed to load '/Game/StarterContent/Maps/Minimal_Default_BuiltData': Can't find file.
[2019.09.12-14.13.09:965][  0]LogLinker: Warning: While loading '../../../../../../Users/alexander.west/Desktop/School/Game Physics/Physics_Assignments/Content/StarterContent/Maps/Minimal_Default.umap' failed to load '/Game/StarterContent/Maps/Minimal_Default_BuiltData': Can't find file.
[2019.09.12-14.13.09:966][  0]LogLinker: Warning: Failed to load '/Game/StarterContent/Maps/Minimal_Default_BuiltData': Can't find file.
[2019.09.12-14.13.09:966][  0]LogLinker: Warning: Failed to load '/Game/StarterContent/Maps/Minimal_Default_BuiltData': Can't find file.
[2019.09.12-14.13.09:966][  0]LogLinker: Warning: Failed to load '/Game/StarterContent/Maps/Minimal_Default_BuiltData': Can't find file.
[2019.09.12-14.13.09:966][  0]LogLinker: Warning: Failed to load '/Game/StarterContent/Maps/Minimal_Default_BuiltData': Can't find file.
[2019.09.12-14.13.09:969][  0]LogLinker: Warning: While loading '../../../../../../Users/alexander.west/Desktop/School/Game Physics/Physics_Assignments/Content/StarterContent/Maps/Minimal_Default.umap' failed to load '/Game/StarterContent/Maps/Minimal_Default_BuiltData': Can't find file.
[2019.09.12-14.13.09:969][  0]LoadErrors: Failed to load /Game/StarterContent/Maps/Minimal_Default_BuiltData.Minimal_Default_BuiltData Referenced by PersistentLevel
[2019.09.12-14.13.09:969][  0]LogLinker: Warning: While loading '../../../../../../Users/alexander.west/Desktop/School/Game Physics/Physics_Assignments/Content/StarterContent/Maps/Minimal_Default.umap' failed to load '/Game/StarterContent/Maps/Minimal_Default_BuiltData': Can't find file.
[2019.09.12-14.13.09:969][  0]LoadErrors: Failed to load /Game/StarterContent/Maps/Minimal_Default_BuiltData.Minimal_Default_BuiltData Referenced by PersistentLevel
[2019.09.12-14.13.10:018][  0]LogAIModule: Creating AISystem for world Minimal_Default
[2019.09.12-14.13.10:023][  0]LogEditorServer: Finished looking for orphan Actors (0.000 secs)
[2019.09.12-14.13.10:047][  0]LogUObjectHash: Compacting FUObjectHashTables data took   1.90ms
[2019.09.12-14.13.10:047][  0]Cmd: MAP CHECKDEP NOCLEARLOG
[2019.09.12-14.13.10:047][  0]MapCheck: Map check complete: 0 Error(s), 0 Warning(s), took 0.155ms to complete.
[2019.09.12-14.13.10:047][  0]LogFileHelpers: Loading map 'Minimal_Default' took 0.168
[2019.09.12-14.13.10:156][  0]LogSlate: Updating window title bar state: overlay mode, drag disabled, window buttons hidden, title bar hidden
[2019.09.12-14.13.10:163][  0]LogSlate: Updating window title bar state: overlay mode, drag disabled, window buttons hidden, title bar hidden
[2019.09.12-14.13.10:170][  0]LogSlate: Updating window title bar state: overlay mode, drag disabled, window buttons hidden, title bar hidden
[2019.09.12-14.13.10:176][  0]LogSlate: Updating window title bar state: overlay mode, drag disabled, window buttons hidden, title bar hidden
[2019.09.12-14.13.10:182][  0]LogCollectionManager: Loaded 0 collections in 0.001768 seconds
[2019.09.12-14.13.10:188][  0]LogFileCache: Scanning file cache for directory 'C:/Users/alexander.west/Desktop/School/Game Physics/Physics_Assignments/Saved/Collections/' took 0.00s
[2019.09.12-14.13.10:188][  0]LogFileCache: Scanning file cache for directory 'C:/Users/alexander.west/Desktop/School/Game Physics/Physics_Assignments/Content/Developers/alexanderwest/Collections/' took 0.00s
[2019.09.12-14.13.10:188][  0]LogFileCache: Scanning file cache for directory 'C:/Users/alexander.west/Desktop/School/Game Physics/Physics_Assignments/Content/Collections/' took 0.00s
[2019.09.12-14.13.10:188][  0]LogCollectionManager: Rebuilt the GUID cache for 0 collections in 0.000001 seconds
[2019.09.12-14.13.10:195][  0]LogContentBrowser: Native class hierarchy populated in 0.0074 seconds. Added 2864 classes and 682 folders.
[2019.09.12-14.13.10:202][  0]LogContentBrowser: Native class hierarchy updated for 'WidgetCarousel' in 0.0002 seconds. Added 0 classes and 0 folders.
[2019.09.12-14.13.10:241][  0]LogContentBrowser: Native class hierarchy updated for 'AddContentDialog' in 0.0003 seconds. Added 0 classes and 0 folders.
[2019.09.12-14.13.10:247][  0]LogContentBrowser: Native class hierarchy updated for 'SceneOutliner' in 0.0003 seconds. Added 1 classes and 2 folders.
[2019.09.12-14.13.10:258][  0]LogSlate: Took 0.000149 seconds to synchronously load lazily loaded font '../../../Engine/Content/Slate/Fonts/Roboto-Regular.ttf' (155K)
[2019.09.12-14.13.10:261][  0]LogSlate: Took 0.000170 seconds to synchronously load lazily loaded font '../../../Engine/Content/Slate/Fonts/Roboto-Bold.ttf' (160K)
[2019.09.12-14.13.10:266][  0]LogSlate: Took 0.000160 seconds to synchronously load lazily loaded font '../../../Engine/Content/Editor/Slate/Fonts/FontAwesome.ttf' (139K)
[2019.09.12-14.13.10:325][  0]LogRenderer: Reallocating scene render targets to support 1208x572 Format 10 NumSamples 1 (Frame:1).
[2019.09.12-14.13.10:388][  0]LogSlate: Took 0.000118 seconds to synchronously load lazily loaded font '../../../Engine/Content/Slate/Fonts/Roboto-Light.ttf' (167K)
[2019.09.12-14.13.10:447][  0]LogContentBrowser: Native class hierarchy updated for 'HierarchicalLODOutliner' in 0.0005 seconds. Added 0 classes and 0 folders.
[2019.09.12-14.13.10:447][  0]LogLoad: (Engine Initialization) Total time: 6.61 seconds
[2019.09.12-14.13.10:447][  0]LogLoad: (Engine Initialization) Total Blueprint compile time: 0.00 seconds
[2019.09.12-14.13.10:493][  0]LogAssetRegistry: Asset discovery search completed in 3.6434 seconds
[2019.09.12-14.13.10:496][  0]LogCollectionManager: Rebuilt the object cache for 0 collections in 0.000003 seconds (found 0 objects)
[2019.09.12-14.13.10:496][  0]LogCollectionManager: Fixed up redirectors for 0 collections in 0.000037 seconds (updated 0 objects)
[2019.09.12-14.13.10:497][  0]LogContentStreaming: Texture pool size now 1000 MB
[2019.09.12-14.13.10:507][  0]LogSlate: FSceneViewport::OnFocusLost() reason 5
[2019.09.12-14.13.12:847][270]LogSlate: Window 'Message Log' being destroyed
[2019.09.12-14.13.12:852][270]LogSlate: Window 'Message Log' being destroyed
[2019.09.12-14.13.15:527][591]LogSlate: FSceneViewport::OnFocusLost() reason 0
[2019.09.12-14.13.36:940][ 53]LogSlate: Took 0.000163 seconds to synchronously load lazily loaded font '../../../Engine/Content/Slate/Fonts/Roboto-Light.ttf' (167K)
[2019.09.12-14.13.36:966][ 53]LogAIModule: Creating AISystem for world NewMap
[2019.09.12-14.13.36:971][ 53]LogAssetEditorManager: Opening Asset editor for World /Game/Levels/NewMap.NewMap
[2019.09.12-14.13.36:993][ 53]LogUObjectHash: Compacting FUObjectHashTables data took   1.33ms
[2019.09.12-14.13.36:994][ 53]Cmd: MAP LOAD FILE="../../../../../../Users/alexander.west/Desktop/School/Game Physics/Physics_Assignments/Content/Levels/NewMap.umap" TEMPLATE=0 SHOWPROGRESS=1 FEATURELEVEL=3
[2019.09.12-14.13.36:994][ 53]LightingResults: New page: Lighting Build
[2019.09.12-14.13.36:995][ 53]LoadErrors: New page: Loading map: NewMap.umap
[2019.09.12-14.13.36:995][ 53]LogWorld: UWorld::CleanupWorld for Minimal_Default, bSessionEnded=true, bCleanupResources=true
[2019.09.12-14.13.36:995][ 53]MapCheck: New page: Map Check
[2019.09.12-14.13.36:995][ 53]LightingResults: New page: Lighting Build
[2019.09.12-14.13.37:020][ 53]LogUObjectHash: Compacting FUObjectHashTables data took   1.65ms
[2019.09.12-14.13.37:023][ 53]LogEditorServer: Finished looking for orphan Actors (0.000 secs)
[2019.09.12-14.13.37:047][ 53]LogUObjectHash: Compacting FUObjectHashTables data took   1.51ms
[2019.09.12-14.13.37:058][ 53]Cmd: MAP CHECKDEP NOCLEARLOG
[2019.09.12-14.13.37:058][ 53]MapCheck: Map check complete: 0 Error(s), 0 Warning(s), took 0.144ms to complete.
[2019.09.12-14.13.37:058][ 53]LogFileHelpers: Loading map 'NewMap' took 0.064
[2019.09.12-14.13.38:289][197]LogVSAccessor: Warning: Couldn't access Visual Studio
[2019.09.12-14.13.38:294][197]Candidate modules for hot reload:
[2019.09.12-14.13.38:294][197]  Physics_Assignments
[2019.09.12-14.13.38:294][197]Launching UnrealBuildTool... [C:/Program Files/Epic Games/UE_4.23/Engine/Binaries/DotNET/UnrealBuildTool.exe  -ModuleWithSuffix=Physics_Assignments,6356 Win64 Development -TargetType=Editor -Project="C:/Users/alexander.west/Desktop/School/Game Physics/Physics_Assignments/Physics_Assignments.uproject" "C:/Users/alexander.west/Desktop/School/Game Physics/Physics_Assignments/Physics_Assignments.uproject"  -IgnoreJunk]
[2019.09.12-14.13.38:295][197]Warning: Starting HotReload took  0.0s.
[2019.09.12-14.13.49:327][512]CompilerResultsLog: New page: Compilation - Sep 12, 2019, 6:13:49 AM
[2019.09.12-14.13.49:327][512]CompilerResultsLog: Using 'git status' to determine working set for adaptive non-unity build (C:\Users\alexander.west\Desktop\School\Game Physics).
[2019.09.12-14.13.49:327][512]CompilerResultsLog: Creating makefile for Physics_AssignmentsEditor (no existing makefile)
[2019.09.12-14.13.49:327][512]CompilerResultsLog: Parsing headers for Physics_AssignmentsEditor
[2019.09.12-14.13.49:327][512]CompilerResultsLog:   Running UnrealHeaderTool "C:\Users\alexander.west\Desktop\School\Game Physics\Physics_Assignments\Physics_Assignments.uproject" "C:\Users\alexander.west\Desktop\School\Game Physics\Physics_Assignments\Intermediate\Build\Win64\Physics_AssignmentsEditor\Development\Physics_AssignmentsEditor.uhtmanifest" -LogCmds="loginit warning, logexit warning, logdatabase error" -Unattended -WarningsAsErrors -installed
[2019.09.12-14.13.49:328][512]CompilerResultsLog: Reflection code generated for Physics_AssignmentsEditor in 6.9499925 seconds
[2019.09.12-14.13.49:328][512]CompilerResultsLog: Using Visual Studio 2019 14.22.27905 toolchain (C:\Program Files (x86)\Microsoft Visual Studio\2019\Enterprise\VC\Tools\MSVC\14.22.27905) and Windows 10.0.18362.0 SDK (C:\Program Files (x86)\Windows Kits\10).
[2019.09.12-14.13.49:328][512]CompilerResultsLog: Building 6 actions with 8 processes...
[2019.09.12-14.13.49:328][512]CompilerResultsLog:   [1/6] ForceGenerator.cpp
[2019.09.12-14.13.49:328][512]CompilerResultsLog:   [2/6] Particle2D.cpp
[2019.09.12-14.13.49:328][512]CompilerResultsLog:   [3/6] Particle2D.gen.cpp
[2019.09.12-14.13.49:328][512]CompilerResultsLog:   [4/6] UE4Editor-Physics_Assignments-6356.lib
[2019.09.12-14.13.49:328][512]CompilerResultsLog:      Creating library C:\Users\alexander.west\Desktop\School\Game Physics\Physics_Assignments\Intermediate\Build\Win64\UE4Editor\Development\Physics_Assignments\UE4Editor-Physics_Assignments-6356.lib and object C:\Users\alexander.west\Desktop\School\Game Physics\Physics_Assignments\Intermediate\Build\Win64\UE4Editor\Development\Physics_Assignments\UE4Editor-Physics_Assignments-6356.exp
[2019.09.12-14.13.49:328][512]CompilerResultsLog:   [5/6] UE4Editor-Physics_Assignments-6356.dll
[2019.09.12-14.13.49:328][512]CompilerResultsLog:      Creating library C:\Users\alexander.west\Desktop\School\Game Physics\Physics_Assignments\Intermediate\Build\Win64\UE4Editor\Development\Physics_Assignments\UE4Editor-Physics_Assignments-6356.suppressed.lib and object C:\Users\alexander.west\Desktop\School\Game Physics\Physics_Assignments\Intermediate\Build\Win64\UE4Editor\Development\Physics_Assignments\UE4Editor-Physics_Assignments-6356.suppressed.exp
[2019.09.12-14.13.49:328][512]CompilerResultsLog:   [6/6] Physics_AssignmentsEditor.target
[2019.09.12-14.13.49:328][512]CompilerResultsLog: Total time in Parallel executor: 1.68 seconds
[2019.09.12-14.13.49:328][512]CompilerResultsLog: Total execution time: 10.93 seconds
[2019.09.12-14.13.49:328][512]LogMainFrame: MainFrame: Module compiling took 11.039 seconds
[2019.09.12-14.13.49:350][512]LogUObjectHash: Compacting FUObjectHashTables data took   0.65ms
[2019.09.12-14.13.49:355][512]LogClass: TickType HotReload.
[2019.09.12-14.13.49:357][512]LogContentBrowser: Native class hierarchy updated for 'Physics_Assignments' in 0.0003 seconds. Added 1 classes and 2 folders.
[2019.09.12-14.13.49:359][512]Display: HotReload successful (0 functions remapped  0 scriptstructs remapped)
[2019.09.12-14.13.49:412][512]LogUObjectHash: Compacting FUObjectHashTables data took   1.09ms
[2019.09.12-14.13.49:424][512]LogContentBrowser: Native class hierarchy populated in 0.0073 seconds. Added 2865 classes and 684 folders.
[2019.09.12-14.13.49:424][512]Display: HotReload took 11.1s.
[2019.09.12-14.13.56:454][354]LogAssetEditorManager: Opening Asset editor for Class /Script/Physics_Assignments.Particle2D
